<?xml version="1.0" encoding="utf-8"?><testsuites><testsuite name="pytest" errors="0" failures="0" skipped="0" tests="12" time="4.369" timestamp="2024-08-09T21:13:03.726607" hostname="aaa8cc6c91a3"><testcase classname="test_favorite" name="test_add_to_favorite" time="0.163" /><testcase classname="test_favorite" name="test_check_favorite" time="0.013" /><testcase classname="test_favorite" name="test_remove_from_favorites" time="0.031" /><testcase classname="test_record" name="test_add_to_record" time="0.025" /><testcase classname="test_record" name="test_check_record" time="0.016" /><testcase classname="test_schedule.TestSchedule" name="test_schedule_get_schedule_day" time="0.688" /><testcase classname="test_schedule.TestSchedule" name="test_schedule_get_schedule_specific_day_invalid" time="0.004" /><testcase classname="test_schedule.TestSchedule" name="test_schedule_get_schedule_specific_day" time="0.606" /><testcase classname="test_schedule.TestSchedule" name="test_schedule_get_schedule_day_exception_handling" time="0.059" /><testcase classname="test_watch_later" name="test_add_to_watch_later" time="0.024" /><testcase classname="test_watch_later" name="test_check_watch_later_status" time="0.013" /><testcase classname="test_watch_later" name="test_remove_from_watch_later" time="0.022" /></testsuite></testsuites>