<?xml version="1.0" encoding="utf-8"?><testsuites><testsuite name="pytest" errors="0" failures="0" skipped="0" tests="14" time="2.790" timestamp="2024-08-11T02:51:00.717847" hostname="9215940c787e"><testcase classname="test_favorite" name="test_add_to_favorite" time="0.060" /><testcase classname="test_favorite" name="test_check_favorite" time="0.014" /><testcase classname="test_favorite" name="test_remove_from_favorites" time="0.026" /><testcase classname="test_favorite" name="test_get_favorite_videos" time="0.027" /><testcase classname="test_record" name="test_add_to_record" time="0.015" /><testcase classname="test_record" name="test_check_record" time="0.009" /><testcase classname="test_schedule.TestSchedule" name="test_schedule_get_schedule_day" time="0.517" /><testcase classname="test_schedule.TestSchedule" name="test_schedule_get_schedule_specific_day_invalid" time="0.003" /><testcase classname="test_schedule.TestSchedule" name="test_schedule_get_schedule_specific_day" time="0.439" /><testcase classname="test_schedule.TestSchedule" name="test_schedule_get_schedule_day_exception_handling" time="0.014" /><testcase classname="test_watch_later" name="test_add_to_watch_later" time="0.018" /><testcase classname="test_watch_later" name="test_check_watch_later_status" time="0.013" /><testcase classname="test_watch_later" name="test_remove_from_watch_later" time="0.023" /><testcase classname="test_watch_later" name="test_get_watch_later_videos" time="0.024" /></testsuite></testsuites>