<?xml version="1.0" encoding="utf-8"?><testsuites><testsuite name="pytest" errors="0" failures="0" skipped="0" tests="9" time="2.868" timestamp="2024-08-03T15:16:40.666896" hostname="dc999a51f205"><testcase classname="test_favorite" name="test_add_to_favorite" time="0.045" /><testcase classname="test_favorite" name="test_check_favorite" time="0.007" /><testcase classname="test_schedule.TestSchedule" name="test_schedule_get_schedule_day" time="1.197" /><testcase classname="test_schedule.TestSchedule" name="test_schedule_get_schedule_specific_day_invalid" time="0.003" /><testcase classname="test_schedule.TestSchedule" name="test_schedule_get_schedule_specific_day" time="0.582" /><testcase classname="test_schedule.TestSchedule" name="test_schedule_get_schedule_day_exception_handling" time="0.004" /><testcase classname="test_watch_later" name="test_add_to_watch_later" time="0.008" /><testcase classname="test_watch_later" name="test_check_watch_later_status" time="0.007" /><testcase classname="test_watch_later" name="test_remove_from_watch_later" time="0.013" /></testsuite></testsuites>